<?xml version="1.0" encoding="UTF-8"?>
<!-- Generated by org.testng.reporters.JUnitXMLReporter -->
<testsuite ignored="0" hostname="LAPTOP-O5LJRD3N" failures="0" tests="4" name="Registration" time="15.345" errors="0" timestamp="2024-05-18T15:15:22 IST">
  <testcase classname="testComponents.BaseTest" name="testRegistration" time="8.469"/>
  <testcase classname="testComponents.BaseTest" name="testAPIResponse" time="0.205"/>
  <testcase classname="testComponents.BaseTest" name="testDB" time="0.01"/>
  <testcase classname="testComponents.BaseTest" name="testLogin" time="4.656"/>
</testsuite> <!-- Registration -->
